{"/Users/pradana/Documents/Project/playground/edvengers-components/src/index.js": {"path":"/Users/pradana/Documents/Project/playground/edvengers-components/src/index.js","statementMap":{"0":{"start":{"line":4,"column":40},"end":{"line":4,"column":61}},"1":{"start":{"line":5,"column":2},"end":{"line":16,"column":3}},"2":{"start":{"line":11,"column":25},"end":{"line":11,"column":57}}},"fnMap":{"0":{"name":"HiddenMessage","decl":{"start":{"line":3,"column":9},"end":{"line":3,"column":22}},"loc":{"start":{"line":3,"column":37},"end":{"line":17,"column":1}},"line":3},"1":{"name":"(anonymous_1)","decl":{"start":{"line":11,"column":18},"end":{"line":11,"column":19}},"loc":{"start":{"line":11,"column":25},"end":{"line":11,"column":57}},"line":11}},"branchMap":{"0":{"loc":{"start":{"line":14,"column":7},"end":{"line":14,"column":36}},"type":"cond-expr","locations":[{"start":{"line":14,"column":21},"end":{"line":14,"column":29}},{"start":{"line":14,"column":32},"end":{"line":14,"column":36}}],"line":14}},"s":{"0":4,"1":4,"2":1},"f":{"0":4,"1":1},"b":{"0":[1,3]},"_coverageSchema":"43e27e138ebf9cfc5966b082cf9a028302ed4184","hash":"96d19324360cca2414a47675ee9b1b76482f8399"}
}
